<?xml version="1.0" encoding="utf-8" standalone="no"?>
<!--This file represents the results of running a test suite-->
<test-results name="C:\Projects\AutoMapperLibrary\MappedObjectLibrary.nunit" total="5" errors="0" failures="0" not-run="0" inconclusive="0" ignored="0" skipped="0" invalid="0" date="2012-03-23" time="09:48:35">
  <environment nunit-version="2.5.2.9222" clr-version="4.0.30319.261" os-version="Microsoft Windows NT 6.1.7600.0" platform="Win32NT" cwd="C:\Program Files (x86)\NUnit 2.5.2\bin\net-2.0" machine-name="PCLDS2058" user="AdrianH" user-domain="THEBIGWORD" />
  <culture-info current-culture="en-GB" current-uiculture="en-US" />
  <test-suite name="C:\Projects\AutoMapperLibrary\MappedObjectLibrary.nunit" executed="True" success="True" time="0.073" asserts="0">
    <results>
      <test-suite name="C:\Projects\AutoMapperLibrary\MappedObjectLibrary.Tests\bin\Debug\MappedObjectLibrary.Tests.dll" executed="True" success="True" time="0.065" asserts="0">
        <results>
          <test-suite name="MappedObjectLibrary" executed="True" success="True" time="0.065" asserts="0">
            <results>
              <test-suite name="Tests" executed="True" success="True" time="0.063" asserts="0">
                <results>
                  <test-suite name="MappedObjectTest" executed="True" success="True" time="0.062" asserts="0">
                    <results>
                      <test-case name="MappedObjectLibrary.Tests.MappedObjectTest.AnExceptionIsNotThrownIfATypeHasACreateMapMethodButNoAttributeInStrictMode" executed="True" success="True" time="0.034" asserts="1" />
                      <test-case name="MappedObjectLibrary.Tests.MappedObjectTest.AnExceptionIsThrownIfAMappingInitializerThrowsAnException" executed="True" success="True" time="0.004" asserts="0" />
                      <test-case name="MappedObjectLibrary.Tests.MappedObjectTest.AnExceptionIsThrownIfATypeHasACreateMapMethodButNoAttributeInStrictMode" executed="True" success="True" time="0.001" asserts="0" />
                      <test-case name="MappedObjectLibrary.Tests.MappedObjectTest.AnExceptionIsThrownIfATypeHasTheAttributeButNotCreateMapMethod" executed="True" success="True" time="0.000" asserts="0" />
                      <test-case name="MappedObjectLibrary.Tests.MappedObjectTest.TheCreateMapMethodIsCalledOnTypesWithACreateMapMethodAndAttribute" executed="True" success="True" time="0.007" asserts="3" />
                    </results>
                  </test-suite>
                </results>
              </test-suite>
            </results>
          </test-suite>
        </results>
      </test-suite>
    </results>
  </test-suite>
</test-results>