<?xml version="1.0" encoding="utf-8" standalone="no"?>
<!--This file represents the results of running a test suite-->
<test-results name="C:\Projects\AutoMapperLibrary\MappedObjectLibrary.nunit" total="9" errors="0" failures="0" not-run="0" inconclusive="0" ignored="0" skipped="0" invalid="0" date="2012-04-03" time="10:50:58">
  <environment nunit-version="2.5.10.11092" clr-version="2.0.50727.4963" os-version="Microsoft Windows NT 6.1.7600.0" platform="Win32NT" cwd="C:\Projects\AutoMapperLibrary" machine-name="PCLDS2058" user="adrianh" user-domain="THEBIGWORD" />
  <culture-info current-culture="en-GB" current-uiculture="en-US" />
  <test-suite type="Project" name="C:\Projects\AutoMapperLibrary\MappedObjectLibrary.nunit" executed="True" result="Success" success="True" time="0.117" asserts="0">
    <results>
      <test-suite type="Assembly" name="C:\Projects\AutoMapperLibrary\MappedObjectLibrary.Tests\bin\Debug\MappedObjectLibrary.Tests.dll" executed="True" result="Success" success="True" time="0.106" asserts="0">
        <results>
          <test-suite type="Namespace" name="MappedObjectLibrary" executed="True" result="Success" success="True" time="0.105" asserts="0">
            <results>
              <test-suite type="Namespace" name="Tests" executed="True" result="Success" success="True" time="0.104" asserts="0">
                <results>
                  <test-suite type="Namespace" name="MappedObjectTests" executed="True" result="Success" success="True" time="0.083" asserts="0">
                    <results>
                      <test-suite type="TestFixture" name="MappedObjectTest" executed="True" result="Success" success="True" time="0.081" asserts="0">
                        <results>
                          <test-case name="MappedObjectLibrary.Tests.MappedObjectTests.MappedObjectTest.AnExceptionIsNotThrownIfATypeHasACreateMapMethodButNoAttributeInStrictMode" executed="True" result="Success" success="True" time="0.041" asserts="1" />
                          <test-case name="MappedObjectLibrary.Tests.MappedObjectTests.MappedObjectTest.AnExceptionIsThrownIfAMappingInitializerThrowsAnException" executed="True" result="Success" success="True" time="0.006" asserts="0" />
                          <test-case name="MappedObjectLibrary.Tests.MappedObjectTests.MappedObjectTest.AnExceptionIsThrownIfATypeHasACreateMapMethodButNoAttributeInStrictMode" executed="True" result="Success" success="True" time="0.002" asserts="0" />
                          <test-case name="MappedObjectLibrary.Tests.MappedObjectTests.MappedObjectTest.AnExceptionIsThrownIfATypeHasTheAttributeButNotCreateMapMethod" executed="True" result="Success" success="True" time="0.001" asserts="0" />
                          <test-case name="MappedObjectLibrary.Tests.MappedObjectTests.MappedObjectTest.TheCreateMapMethodIsCalledOnTypesWithACreateMapMethodAndAttribute" executed="True" result="Success" success="True" time="0.007" asserts="3" />
                        </results>
                      </test-suite>
                    </results>
                  </test-suite>
                  <test-suite type="Namespace" name="MappedTypeTests" executed="True" result="Success" success="True" time="0.016" asserts="0">
                    <results>
                      <test-suite type="TestFixture" name="MappedTypeTest" executed="True" result="Success" success="True" time="0.015" asserts="0">
                        <results>
                          <test-case name="MappedObjectLibrary.Tests.MappedTypeTests.MappedTypeTest.CreatingMultipleInstancesOfTheMappedTypeResultsInASingleCallToAutoMapperCreateMap" executed="True" result="Success" success="True" time="0.002" asserts="1" />
                          <test-case name="MappedObjectLibrary.Tests.MappedTypeTests.MappedTypeTest.HidingTheBaseConstructorDoesNotResultInAnError" executed="True" result="Success" success="True" time="0.000" asserts="1" />
                          <test-case name="MappedObjectLibrary.Tests.MappedTypeTests.MappedTypeTest.HidingTheBaseConstructorWithAParameterizedConstructorDoesNotResultInMappingIfTheBaseConstructorIsNotInherited" executed="True" result="Success" success="True" time="0.001" asserts="1" />
                          <test-case name="MappedObjectLibrary.Tests.MappedTypeTests.MappedTypeTest.HidingTheBaseConstructorWithAParameterizedConstructorResultsInMappingIfTheBaseConstructorIsInherited" executed="True" result="Success" success="True" time="0.000" asserts="1" />
                        </results>
                      </test-suite>
                    </results>
                  </test-suite>
                </results>
              </test-suite>
            </results>
          </test-suite>
        </results>
      </test-suite>
    </results>
  </test-suite>
</test-results>